Arguments: 
  C:\laragon\bin\nodejs\node-v12\node.exe C:\laragon\bin\nodejs\node-v12\node_modules\yarn\bin\yarn.js install

PATH: 
  C:\Users\josed\AppData\Local\Yarn\config\global\node_modules\.bin;C:\Users\josed\AppData\Roaming\npm;C:\Users\josed\AppData\Roaming\Composer\vendor\bin;C:\laragon\bin\java\jdk-8u131\\bin;C:\laragon\bin\laragon\utils;C:\laragon\bin\mysql\mysql-5.7.24-winx64\bin;C:\laragon\bin\php\php-7.2.19-Win32-VC15-x64;C:\laragon\bin\composer;C:\laragon\bin\apache\httpd-2.4.35-win64-VC15\bin;C:\laragon\bin\redis\redis-x64-3.2.100;C:\laragon\bin\nodejs\node-v12;C:\laragon\bin\ruby\Ruby26-x64\bin;C:\laragon\bin\yarn\bin;C:\laragon\bin\nginx\nginx-1.16.0;C:\laragon\bin\notepad++;C:\laragon\bin\telnet;C:\laragon\bin\ngrok;C:\laragon\bin\git\bin;C:\laragon\bin\git\cmd;C:\laragon\bin\git\usr\bin;C:\laragon\bin\git\mingw64\bin;C:\laragon\bin\devkit\bin;C:\laragon\bin\devkit\mingw\bin;C:\laragon\bin;C:\laragon\usr\bin;C:\laragon\bin\code;C:\laragon\bin\putty;C:\laragon\bin\cmder\bin;C:\laragon\bin\cmder\vendor\conemu-maximus5\ConEmu\Scripts;C:\laragon\bin\cmder\vendor\conemu-maximus5;C:\laragon\bin\cmder\vendor\conemu-maximus5\ConEmu;C:\Python27\;C:\Python27\Scripts;C:\WINDOWS\system32;C:\WINDOWS;C:\WINDOWS\System32\Wbem;C:\WINDOWS\System32\WindowsPowerShell\v1.0\;C:\WINDOWS\System32\OpenSSH\;C:\ProgramData\chocolatey\bin;C:\ProgramData\chocolatey\lib\maven\apache-maven-3.6.2\bin;C:\Program Files\Java\jdk-12.0.2\bin;C:\laragon\bin\go\bin;C:\Program Files\nodejs\;C:\Program Files\Java\jdk1.8.0_231\bin;;C:\Program Files\Microsoft VS Code\bin;C:\laragon\bin;C:\laragon\bin\apache\httpd-2.4.35-win64-VC15\bin;C:\laragon\bin\code;C:\laragon\bin\composer;C:\laragon\bin\devkit\bin;C:\laragon\bin\devkit\mingw\bin;C:\laragon\bin\git\bin;C:\laragon\bin\git\cmd;C:\laragon\bin\git\mingw64\bin;C:\laragon\bin\git\usr\bin;C:\laragon\bin\java\jdk-8u131\\bin;C:\laragon\bin\laragon\utils;C:\laragon\bin\mysql\mysql-5.7.24-winx64\bin;C:\laragon\bin\nginx\nginx-1.16.0;C:\laragon\bin\ngrok;C:\laragon\bin\nodejs\node-v12;C:\laragon\bin\notepad++;C:\laragon\bin\php\php-7.2.19-Win32-VC15-x64;C:\laragon\bin\putty;C:\laragon\bin\redis\redis-x64-3.2.100;C:\laragon\bin\telnet;C:\laragon\bin\yarn\bin;C:\laragon\usr\bin;C:\Users\josed\AppData\Local\Yarn\config\global\node_modules\.bin;C:\Users\josed\AppData\Roaming\Composer\vendor\bin;C:\Users\josed\AppData\Roaming\npm;C:\Users\josed\AppData\Local\Microsoft\WindowsApps;C:\Program Files\JetBrains\IntelliJ IDEA 2019.2.4\bin;;C:\laragon\bin\Microsoft VS Code\bin;C:\laragon\bin\git\usr\bin;C:\laragon\bin\git\usr\share\vim\vim74;C:\laragon\bin\cmder\;

Yarn version: 
  1.19.2

Node version: 
  12.5.0

Platform: 
  win32 x64

Trace: 
  Error: https://registry.yarnpkg.com/@material-ui/core/-/core-4.9.3.tgz: ESOCKETTIMEDOUT
      at ClientRequest.<anonymous> (C:\laragon\bin\nodejs\node-v12\node_modules\yarn\lib\cli.js:141213:19)
      at Object.onceWrapper (events.js:288:20)
      at ClientRequest.emit (events.js:200:13)
      at TLSSocket.emitRequestTimeout (_http_client.js:675:40)
      at Object.onceWrapper (events.js:288:20)
      at TLSSocket.emit (events.js:200:13)
      at TLSSocket.Socket._onTimeout (net.js:434:8)
      at listOnTimeout (internal/timers.js:531:17)
      at processTimers (internal/timers.js:475:7)

npm manifest: 
  {
    "name": "client",
    "version": "1.0.0",
    "main": "index.js",
    "license": "MIT",
    "dependencies": {
      "@fortawesome/fontawesome-svg-core": "^1.2.18",
      "@fortawesome/free-solid-svg-icons": "^5.8.2",
      "@fortawesome/react-fontawesome": "^0.1.4",
      "@material-ui/core": "^4.9.3",
      "axios": "^0.19.2",
      "gh-pages": "^2.0.1",
      "lodash": "^4.17.13",
      "parcel-bundler": "^1.12.4",
      "react": "^16.12.0",
      "react-dom": "^16.12.0",
      "react-router-dom": "^5.1.2",
      "react-sound": "^1.2.0",
      "sass": "^1.25.0",
      "startaudiocontext": "^1.2.1",
      "styled-components": "^5.0.1",
      "tone": "^13.8.25",
      "uifx": "^2.0.7",
      "zent": "^8.2.0"
    },
    "scripts": {
      "start": "parcel public/index.html",
      "test": "echo \"Error: no test specified\" && exit 1"
    },
    "keywords": [],
    "author": "",
    "devDependencies": {
      "@babel/core": "^7.8.4",
      "@babel/plugin-proposal-class-properties": "^7.8.3",
      "@babel/plugin-transform-runtime": "^7.8.3"
    }
  }

yarn manifest: 
  No manifest

Lockfile: 
  No lockfile
